<?xml version="1.0" encoding="UTF-8"?>
<!-- Generated by org.testng.reporters.JUnitReportReporter -->
<testsuite hostname="Govind-PC" name="runner.NewTest" tests="4" failures="0" timestamp="16 Dec 2017 18:38:05 GMT" time="0.011" errors="0">
  <testcase name="sub" time="0.004" classname="runner.NewTest"/>
  <testcase name="mul" time="0.002" classname="runner.NewTest"/>
  <testcase name="div" time="0.003" classname="runner.NewTest"/>
  <testcase name="sum" time="0.002" classname="runner.NewTest"/>
</testsuite> <!-- runner.NewTest -->
